-------------------------------------------------------------------------------
Test set: com.unisociesc.bookfair.BookFairApplicationTests
-------------------------------------------------------------------------------
Tests run: 1, Failures: 0, Errors: 1, Skipped: 0, Time elapsed: 122.378 s <<< FAILURE! - in com.unisociesc.bookfair.BookFairApplicationTests
contextLoads(com.unisociesc.bookfair.BookFairApplicationTests)  Time elapsed: 0.022 s  <<< ERROR!
java.lang.IllegalStateException: Failed to load ApplicationContext
Caused by: org.springframework.context.ApplicationContextException: Failed to start bean 'org.springframework.kafka.config.internalKafkaListenerEndpointRegistry'; nested exception is org.apache.kafka.common.errors.TimeoutException: Timeout expired while fetching topic metadata
Caused by: org.apache.kafka.common.errors.TimeoutException: Timeout expired while fetching topic metadata

