<?xml version="1.0" encoding="UTF-8"?>
<testsuite xmlns:xsi="http://www.w3.org/2001/XMLSchema-instance" xsi:noNamespaceSchemaLocation="https://maven.apache.org/surefire/maven-surefire-plugin/xsd/surefire-test-report.xsd" name="com.unisociesc.bookfair.BookFairApplicationTests" time="122.378" tests="1" errors="1" skipped="0" failures="0">
  <properties>
[...]
</properties>
  <testcase name="contextLoads" classname="com.unisociesc.bookfair.BookFairApplicationTests" time="0.022">
    <error message="Failed to load ApplicationContext" type="java.lang.IllegalStateException">java.lang.IllegalStateException: Failed to load ApplicationContext
Caused by: org.springframework.context.ApplicationContextException: Failed to start bean 'org.springframework.kafka.config.internalKafkaListenerEndpointRegistry'; nested exception is org.apache.kafka.common.errors.TimeoutException: Timeout expired while fetching topic metadata
Caused by: org.apache.kafka.common.errors.TimeoutException: Timeout expired while fetching topic metadata
</error>
    <system-out><![CDATA[20:40:33.058 [main] DEBUG org.springframework.test.context.junit4.SpringJUnit4ClassRunner - SpringJUnit4ClassRunner constructor called with [class com.unisociesc.bookfair.BookFairApplicationTests]
20:40:33.062 [main] DEBUG org.springframework.test.context.BootstrapUtils - Instantiating CacheAwareContextLoaderDelegate from class [org.springframework.test.context.cache.DefaultCacheAwareContextLoaderDelegate]
20:40:33.068 [main] DEBUG org.springframework.test.context.BootstrapUtils - Instantiating BootstrapContext using constructor [public org.springframework.test.context.support.DefaultBootstrapContext(java.lang.Class,org.springframework.test.context.CacheAwareContextLoaderDelegate)]
20:40:33.081 [main] DEBUG org.springframework.test.context.BootstrapUtils - Instantiating TestContextBootstrapper for test class [com.unisociesc.bookfair.BookFairApplicationTests] from class [org.springframework.boot.test.context.SpringBootTestContextBootstrapper]
20:40:33.089 [main] INFO org.springframework.boot.test.context.SpringBootTestContextBootstrapper - Neither @ContextConfiguration nor @ContextHierarchy found for test class [com.unisociesc.bookfair.BookFairApplicationTests], using SpringBootContextLoader
20:40:33.091 [main] DEBUG org.springframework.test.context.support.AbstractContextLoader - Did not detect default resource location for test class [com.unisociesc.bookfair.BookFairApplicationTests]: class path resource [com/unisociesc/bookfair/BookFairApplicationTests-context.xml] does not exist
20:40:33.092 [main] DEBUG org.springframework.test.context.support.AbstractContextLoader - Did not detect default resource location for test class [com.unisociesc.bookfair.BookFairApplicationTests]: class path resource [com/unisociesc/bookfair/BookFairApplicationTestsContext.groovy] does not exist
20:40:33.092 [main] INFO org.springframework.test.context.support.AbstractContextLoader - Could not detect default resource locations for test class [com.unisociesc.bookfair.BookFairApplicationTests]: no resource found for suffixes {-context.xml, Context.groovy}.
20:40:33.093 [main] INFO org.springframework.test.context.support.AnnotationConfigContextLoaderUtils - Could not detect default configuration classes for test class [com.unisociesc.bookfair.BookFairApplicationTests]: BookFairApplicationTests does not declare any static, non-private, non-final, nested classes annotated with @Configuration.
20:40:33.128 [main] DEBUG org.springframework.test.context.support.ActiveProfilesUtils - Could not find an 'annotation declaring class' for annotation type [org.springframework.test.context.ActiveProfiles] and class [com.unisociesc.bookfair.BookFairApplicationTests]
20:40:33.197 [main] DEBUG org.springframework.context.annotation.ClassPathScanningCandidateComponentProvider - Identified candidate component class: file [/home/venturi/workspace/book-fair/target/classes/com/unisociesc/bookfair/BookFairApplication.class]
20:40:33.199 [main] INFO org.springframework.boot.test.context.SpringBootTestContextBootstrapper - Found @SpringBootConfiguration com.unisociesc.bookfair.BookFairApplication for test class com.unisociesc.bookfair.BookFairApplicationTests
20:40:33.269 [main] DEBUG org.springframework.boot.test.context.SpringBootTestContextBootstrapper - @TestExecutionListeners is not present for class [com.unisociesc.bookfair.BookFairApplicationTests]: using defaults.
20:40:33.270 [main] INFO org.springframework.boot.test.context.SpringBootTestContextBootstrapper - Loaded default TestExecutionListener class names from location [META-INF/spring.factories]: [org.springframework.boot.test.mock.mockito.MockitoTestExecutionListener, org.springframework.boot.test.mock.mockito.ResetMocksTestExecutionListener, org.springframework.boot.test.autoconfigure.restdocs.RestDocsTestExecutionListener, org.springframework.boot.test.autoconfigure.web.client.MockRestServiceServerResetTestExecutionListener, org.springframework.boot.test.autoconfigure.web.servlet.MockMvcPrintOnlyOnFailureTestExecutionListener, org.springframework.boot.test.autoconfigure.web.servlet.WebDriverTestExecutionListener, org.springframework.test.context.web.ServletTestExecutionListener, org.springframework.test.context.support.DirtiesContextBeforeModesTestExecutionListener, org.springframework.test.context.support.DependencyInjectionTestExecutionListener, org.springframework.test.context.support.DirtiesContextTestExecutionListener, org.springframework.test.context.transaction.TransactionalTestExecutionListener, org.springframework.test.context.jdbc.SqlScriptsTestExecutionListener]
20:40:33.274 [main] DEBUG org.springframework.boot.test.context.SpringBootTestContextBootstrapper - Skipping candidate TestExecutionListener [org.springframework.test.context.web.ServletTestExecutionListener] due to a missing dependency. Specify custom listener classes or make the default listener classes and their required dependencies available. Offending class: [javax/servlet/ServletContext]
20:40:33.278 [main] INFO org.springframework.boot.test.context.SpringBootTestContextBootstrapper - Using TestExecutionListeners: [org.springframework.test.context.support.DirtiesContextBeforeModesTestExecutionListener@6f46426d, org.springframework.boot.test.mock.mockito.MockitoTestExecutionListener@73700b80, org.springframework.boot.test.autoconfigure.SpringBootDependencyInjectionTestExecutionListener@49c7b90e, org.springframework.test.context.support.DirtiesContextTestExecutionListener@10d307f1, org.springframework.test.context.transaction.TransactionalTestExecutionListener@4d5b6aac, org.springframework.test.context.jdbc.SqlScriptsTestExecutionListener@3e84448c, org.springframework.boot.test.mock.mockito.ResetMocksTestExecutionListener@4a7f959b, org.springframework.boot.test.autoconfigure.restdocs.RestDocsTestExecutionListener@429bffaa, org.springframework.boot.test.autoconfigure.web.client.MockRestServiceServerResetTestExecutionListener@5403f35f, org.springframework.boot.test.autoconfigure.web.servlet.MockMvcPrintOnlyOnFailureTestExecutionListener@483f6d77, org.springframework.boot.test.autoconfigure.web.servlet.WebDriverTestExecutionListener@7e5afaa6]
20:40:33.280 [main] DEBUG org.springframework.test.annotation.ProfileValueUtils - Retrieved @ProfileValueSourceConfiguration [null] for test class [com.unisociesc.bookfair.BookFairApplicationTests]
20:40:33.280 [main] DEBUG org.springframework.test.annotation.ProfileValueUtils - Retrieved ProfileValueSource type [class org.springframework.test.annotation.SystemProfileValueSource] for class [com.unisociesc.bookfair.BookFairApplicationTests]
20:40:33.281 [main] DEBUG org.springframework.test.annotation.ProfileValueUtils - Retrieved @ProfileValueSourceConfiguration [null] for test class [com.unisociesc.bookfair.BookFairApplicationTests]
20:40:33.281 [main] DEBUG org.springframework.test.annotation.ProfileValueUtils - Retrieved ProfileValueSource type [class org.springframework.test.annotation.SystemProfileValueSource] for class [com.unisociesc.bookfair.BookFairApplicationTests]
20:40:33.281 [main] DEBUG org.springframework.test.annotation.ProfileValueUtils - Retrieved @ProfileValueSourceConfiguration [null] for test class [com.unisociesc.bookfair.BookFairApplicationTests]
20:40:33.281 [main] DEBUG org.springframework.test.annotation.ProfileValueUtils - Retrieved ProfileValueSource type [class org.springframework.test.annotation.SystemProfileValueSource] for class [com.unisociesc.bookfair.BookFairApplicationTests]
20:40:33.284 [main] DEBUG org.springframework.test.context.support.AbstractDirtiesContextTestExecutionListener - Before test class: context [DefaultTestContext@611889f4 testClass = BookFairApplicationTests, testInstance = [null], testMethod = [null], testException = [null], mergedContextConfiguration = [MergedContextConfiguration@1da2cb77 testClass = BookFairApplicationTests, locations = '{}', classes = '{class com.unisociesc.bookfair.BookFairApplication}', contextInitializerClasses = '[]', activeProfiles = '{}', propertySourceLocations = '{}', propertySourceProperties = '{org.springframework.boot.test.context.SpringBootTestContextBootstrapper=true}', contextCustomizers = set[org.springframework.boot.test.context.filter.ExcludeFilterContextCustomizer@55a1c291, org.springframework.boot.test.json.DuplicateJsonObjectContextCustomizerFactory$DuplicateJsonObjectContextCustomizer@40e6dfe1, org.springframework.boot.test.mock.mockito.MockitoContextCustomizer@0, org.springframework.boot.test.web.client.TestRestTemplateContextCustomizer@5ef60048, org.springframework.boot.test.autoconfigure.properties.PropertyMappingContextCustomizer@0, org.springframework.boot.test.autoconfigure.web.servlet.WebDriverContextCustomizerFactory$Customizer@3b2cf7ab], contextLoader = 'org.springframework.boot.test.context.SpringBootContextLoader', parent = [null]], attributes = map[[empty]]], class annotated with @DirtiesContext [false] with mode [null].
20:40:33.284 [main] DEBUG org.springframework.test.annotation.ProfileValueUtils - Retrieved @ProfileValueSourceConfiguration [null] for test class [com.unisociesc.bookfair.BookFairApplicationTests]
20:40:33.284 [main] DEBUG org.springframework.test.annotation.ProfileValueUtils - Retrieved ProfileValueSource type [class org.springframework.test.annotation.SystemProfileValueSource] for class [com.unisociesc.bookfair.BookFairApplicationTests]
20:40:33.287 [main] DEBUG org.springframework.test.context.support.DependencyInjectionTestExecutionListener - Performing dependency injection for test context [[DefaultTestContext@611889f4 testClass = BookFairApplicationTests, testInstance = com.unisociesc.bookfair.BookFairApplicationTests@52af26ee, testMethod = [null], testException = [null], mergedContextConfiguration = [MergedContextConfiguration@1da2cb77 testClass = BookFairApplicationTests, locations = '{}', classes = '{class com.unisociesc.bookfair.BookFairApplication}', contextInitializerClasses = '[]', activeProfiles = '{}', propertySourceLocations = '{}', propertySourceProperties = '{org.springframework.boot.test.context.SpringBootTestContextBootstrapper=true}', contextCustomizers = set[org.springframework.boot.test.context.filter.ExcludeFilterContextCustomizer@55a1c291, org.springframework.boot.test.json.DuplicateJsonObjectContextCustomizerFactory$DuplicateJsonObjectContextCustomizer@40e6dfe1, org.springframework.boot.test.mock.mockito.MockitoContextCustomizer@0, org.springframework.boot.test.web.client.TestRestTemplateContextCustomizer@5ef60048, org.springframework.boot.test.autoconfigure.properties.PropertyMappingContextCustomizer@0, org.springframework.boot.test.autoconfigure.web.servlet.WebDriverContextCustomizerFactory$Customizer@3b2cf7ab], contextLoader = 'org.springframework.boot.test.context.SpringBootContextLoader', parent = [null]], attributes = map[[empty]]]].
20:40:33.304 [main] DEBUG org.springframework.test.context.support.TestPropertySourceUtils - Adding inlined properties to environment: {spring.jmx.enabled=false, org.springframework.boot.test.context.SpringBootTestContextBootstrapper=true, server.port=-1}

  .   ____          _            __ _ _
 /\\ / ___'_ __ _ _(_)_ __  __ _ \ \ \ \
( ( )\___ | '_ | '_| | '_ \/ _` | \ \ \ \
 \\/  ___)| |_)| | | | | || (_| |  ) ) ) )
  '  |____| .__|_| |_|_| |_\__, | / / / /
 =========|_|==============|___/=/_/_/_/
 :: Spring Boot ::        (v2.1.5.RELEASE)

2019-06-15 20:40:33.600  INFO 15226 --- [           main] c.u.bookfair.BookFairApplicationTests    : Starting BookFairApplicationTests on venturi-ubuntu-duo-note with PID 15226 (started by venturi in /home/venturi/workspace/book-fair)
2019-06-15 20:40:33.601  INFO 15226 --- [           main] c.u.bookfair.BookFairApplicationTests    : No active profile set, falling back to default profiles: default
2019-06-15 20:40:34.148  INFO 15226 --- [           main] trationDelegate$BeanPostProcessorChecker : Bean 'org.springframework.kafka.annotation.KafkaBootstrapConfiguration' of type [org.springframework.kafka.annotation.KafkaBootstrapConfiguration$$EnhancerBySpringCGLIB$$a0308422] is not eligible for getting processed by all BeanPostProcessors (for example: not eligible for auto-proxying)
2019-06-15 20:40:34.680  INFO 15226 --- [           main] o.a.k.clients.consumer.ConsumerConfig    : ConsumerConfig values: 
	auto.commit.interval.ms = 5000
	auto.offset.reset = earliest
	bootstrap.servers = [localhost:9092]
	check.crcs = true
	client.id = 
	connections.max.idle.ms = 540000
	default.api.timeout.ms = 60000
	enable.auto.commit = true
	exclude.internal.topics = true
	fetch.max.bytes = 52428800
	fetch.max.wait.ms = 500
	fetch.min.bytes = 1
	group.id = book_fair_id
	heartbeat.interval.ms = 3000
	interceptor.classes = []
	internal.leave.group.on.close = true
	isolation.level = read_uncommitted
	key.deserializer = class org.apache.kafka.common.serialization.StringDeserializer
	max.partition.fetch.bytes = 1048576
	max.poll.interval.ms = 300000
	max.poll.records = 500
	metadata.max.age.ms = 300000
	metric.reporters = []
	metrics.num.samples = 2
	metrics.recording.level = INFO
	metrics.sample.window.ms = 30000
	partition.assignment.strategy = [class org.apache.kafka.clients.consumer.RangeAssignor]
	receive.buffer.bytes = 65536
	reconnect.backoff.max.ms = 1000
	reconnect.backoff.ms = 50
	request.timeout.ms = 30000
	retry.backoff.ms = 100
	sasl.client.callback.handler.class = null
	sasl.jaas.config = null
	sasl.kerberos.kinit.cmd = /usr/bin/kinit
	sasl.kerberos.min.time.before.relogin = 60000
	sasl.kerberos.service.name = null
	sasl.kerberos.ticket.renew.jitter = 0.05
	sasl.kerberos.ticket.renew.window.factor = 0.8
	sasl.login.callback.handler.class = null
	sasl.login.class = null
	sasl.login.refresh.buffer.seconds = 300
	sasl.login.refresh.min.period.seconds = 60
	sasl.login.refresh.window.factor = 0.8
	sasl.login.refresh.window.jitter = 0.05
	sasl.mechanism = GSSAPI
	security.protocol = PLAINTEXT
	send.buffer.bytes = 131072
	session.timeout.ms = 10000
	ssl.cipher.suites = null
	ssl.enabled.protocols = [TLSv1.2, TLSv1.1, TLSv1]
	ssl.endpoint.identification.algorithm = https
	ssl.key.password = null
	ssl.keymanager.algorithm = SunX509
	ssl.keystore.location = null
	ssl.keystore.password = null
	ssl.keystore.type = JKS
	ssl.protocol = TLS
	ssl.provider = null
	ssl.secure.random.implementation = null
	ssl.trustmanager.algorithm = PKIX
	ssl.truststore.location = null
	ssl.truststore.password = null
	ssl.truststore.type = JKS
	value.deserializer = class org.apache.kafka.common.serialization.StringDeserializer

2019-06-15 20:40:34.786  INFO 15226 --- [           main] o.a.kafka.common.utils.AppInfoParser     : Kafka version : 2.0.1
2019-06-15 20:40:34.786  INFO 15226 --- [           main] o.a.kafka.common.utils.AppInfoParser     : Kafka commitId : fa14705e51bd2ce5
2019-06-15 20:40:34.854  WARN 15226 --- [           main] org.apache.kafka.clients.NetworkClient   : [Consumer clientId=consumer-1, groupId=book_fair_id] Connection to node -1 could not be established. Broker may not be available.
2019-06-15 20:40:34.956  WARN 15226 --- [           main] org.apache.kafka.clients.NetworkClient   : [Consumer clientId=consumer-1, groupId=book_fair_id] Connection to node -1 could not be established. Broker may not be available.
2019-06-15 20:40:35.059  WARN 15226 --- [           main] org.apache.kafka.clients.NetworkClient   : [Consumer clientId=consumer-1, groupId=book_fair_id] Connection to node -1 could not be established. Broker may not be available.
2019-06-15 20:40:35.263  WARN 15226 --- [           main] org.apache.kafka.clients.NetworkClient   : [Consumer clientId=consumer-1, groupId=book_fair_id] Connection to node -1 could not be established. Broker may not be available.
2019-06-15 20:40:35.768  WARN 15226 --- [           main] org.apache.kafka.clients.NetworkClient   : [Consumer clientId=consumer-1, groupId=book_fair_id] Connection to node -1 could not be established. Broker may not be available.
2019-06-15 20:40:36.676  WARN 15226 --- [           main] org.apache.kafka.clients.NetworkClient   : [Consumer clientId=consumer-1, groupId=book_fair_id] Connection to node -1 could not be established. Broker may not be available.
2019-06-15 20:40:37.583  WARN 15226 --- [           main] org.apache.kafka.clients.NetworkClient   : [Consumer clientId=consumer-1, groupId=book_fair_id] Connection to node -1 could not be established. Broker may not be available.
2019-06-15 20:40:38.491  WARN 15226 --- [           main] org.apache.kafka.clients.NetworkClient   : [Consumer clientId=consumer-1, groupId=book_fair_id] Connection to node -1 could not be established. Broker may not be available.
2019-06-15 20:40:39.700  WARN 15226 --- [           main] org.apache.kafka.clients.NetworkClient   : [Consumer clientId=consumer-1, groupId=book_fair_id] Connection to node -1 could not be established. Broker may not be available.
2019-06-15 20:40:40.807  WARN 15226 --- [           main] org.apache.kafka.clients.NetworkClient   : [Consumer clientId=consumer-1, groupId=book_fair_id] Connection to node -1 could not be established. Broker may not be available.
2019-06-15 20:40:42.016  WARN 15226 --- [           main] org.apache.kafka.clients.NetworkClient   : [Consumer clientId=consumer-1, groupId=book_fair_id] Connection to node -1 could not be established. Broker may not be available.
2019-06-15 20:40:43.023  WARN 15226 --- [           main] org.apache.kafka.clients.NetworkClient   : [Consumer clientId=consumer-1, groupId=book_fair_id] Connection to node -1 could not be established. Broker may not be available.
2019-06-15 20:40:44.231  WARN 15226 --- [           main] org.apache.kafka.clients.NetworkClient   : [Consumer clientId=consumer-1, groupId=book_fair_id] Connection to node -1 could not be established. Broker may not be available.
2019-06-15 20:40:45.137  WARN 15226 --- [           main] org.apache.kafka.clients.NetworkClient   : [Consumer clientId=consumer-1, groupId=book_fair_id] Connection to node -1 could not be established. Broker may not be available.
2019-06-15 20:40:46.144  WARN 15226 --- [           main] org.apache.kafka.clients.NetworkClient   : [Consumer clientId=consumer-1, groupId=book_fair_id] Connection to node -1 could not be established. Broker may not be available.
2019-06-15 20:40:47.151  WARN 15226 --- [           main] org.apache.kafka.clients.NetworkClient   : [Consumer clientId=consumer-1, groupId=book_fair_id] Connection to node -1 could not be established. Broker may not be available.
2019-06-15 20:40:48.058  WARN 15226 --- [           main] org.apache.kafka.clients.NetworkClient   : [Consumer clientId=consumer-1, groupId=book_fair_id] Connection to node -1 could not be established. Broker may not be available.
2019-06-15 20:40:48.965  WARN 15226 --- [           main] org.apache.kafka.clients.NetworkClient   : [Consumer clientId=consumer-1, groupId=book_fair_id] Connection to node -1 could not be established. Broker may not be available.
2019-06-15 20:40:50.173  WARN 15226 --- [           main] org.apache.kafka.clients.NetworkClient   : [Consumer clientId=consumer-1, groupId=book_fair_id] Connection to node -1 could not be established. Broker may not be available.
2019-06-15 20:40:51.279  WARN 15226 --- [           main] org.apache.kafka.clients.NetworkClient   : [Consumer clientId=consumer-1, groupId=book_fair_id] Connection to node -1 could not be established. Broker may not be available.
2019-06-15 20:40:52.186  WARN 15226 --- [           main] org.apache.kafka.clients.NetworkClient   : [Consumer clientId=consumer-1, groupId=book_fair_id] Connection to node -1 could not be established. Broker may not be available.
2019-06-15 20:40:53.092  WARN 15226 --- [           main] org.apache.kafka.clients.NetworkClient   : [Consumer clientId=consumer-1, groupId=book_fair_id] Connection to node -1 could not be established. Broker may not be available.
2019-06-15 20:40:53.998  WARN 15226 --- [           main] org.apache.kafka.clients.NetworkClient   : [Consumer clientId=consumer-1, groupId=book_fair_id] Connection to node -1 could not be established. Broker may not be available.
2019-06-15 20:40:55.105  WARN 15226 --- [           main] org.apache.kafka.clients.NetworkClient   : [Consumer clientId=consumer-1, groupId=book_fair_id] Connection to node -1 could not be established. Broker may not be available.
2019-06-15 20:40:56.112  WARN 15226 --- [           main] org.apache.kafka.clients.NetworkClient   : [Consumer clientId=consumer-1, groupId=book_fair_id] Connection to node -1 could not be established. Broker may not be available.
2019-06-15 20:40:57.118  WARN 15226 --- [           main] org.apache.kafka.clients.NetworkClient   : [Consumer clientId=consumer-1, groupId=book_fair_id] Connection to node -1 could not be established. Broker may not be available.
2019-06-15 20:40:58.024  WARN 15226 --- [           main] org.apache.kafka.clients.NetworkClient   : [Consumer clientId=consumer-1, groupId=book_fair_id] Connection to node -1 could not be established. Broker may not be available.
2019-06-15 20:40:59.030  WARN 15226 --- [           main] org.apache.kafka.clients.NetworkClient   : [Consumer clientId=consumer-1, groupId=book_fair_id] Connection to node -1 could not be established. Broker may not be available.
2019-06-15 20:41:00.137  WARN 15226 --- [           main] org.apache.kafka.clients.NetworkClient   : [Consumer clientId=consumer-1, groupId=book_fair_id] Connection to node -1 could not be established. Broker may not be available.
2019-06-15 20:41:01.344  WARN 15226 --- [           main] org.apache.kafka.clients.NetworkClient   : [Consumer clientId=consumer-1, groupId=book_fair_id] Connection to node -1 could not be established. Broker may not be available.
2019-06-15 20:41:02.250  WARN 15226 --- [           main] org.apache.kafka.clients.NetworkClient   : [Consumer clientId=consumer-1, groupId=book_fair_id] Connection to node -1 could not be established. Broker may not be available.
2019-06-15 20:41:03.457  WARN 15226 --- [           main] org.apache.kafka.clients.NetworkClient   : [Consumer clientId=consumer-1, groupId=book_fair_id] Connection to node -1 could not be established. Broker may not be available.
2019-06-15 20:41:04.565  WARN 15226 --- [           main] org.apache.kafka.clients.NetworkClient   : [Consumer clientId=consumer-1, groupId=book_fair_id] Connection to node -1 could not be established. Broker may not be available.
2019-06-15 20:41:05.571  WARN 15226 --- [           main] org.apache.kafka.clients.NetworkClient   : [Consumer clientId=consumer-1, groupId=book_fair_id] Connection to node -1 could not be established. Broker may not be available.
2019-06-15 20:41:06.677  WARN 15226 --- [           main] org.apache.kafka.clients.NetworkClient   : [Consumer clientId=consumer-1, groupId=book_fair_id] Connection to node -1 could not be established. Broker may not be available.
2019-06-15 20:41:07.783  WARN 15226 --- [           main] org.apache.kafka.clients.NetworkClient   : [Consumer clientId=consumer-1, groupId=book_fair_id] Connection to node -1 could not be established. Broker may not be available.
2019-06-15 20:41:08.890  WARN 15226 --- [           main] org.apache.kafka.clients.NetworkClient   : [Consumer clientId=consumer-1, groupId=book_fair_id] Connection to node -1 could not be established. Broker may not be available.
2019-06-15 20:41:10.097  WARN 15226 --- [           main] org.apache.kafka.clients.NetworkClient   : [Consumer clientId=consumer-1, groupId=book_fair_id] Connection to node -1 could not be established. Broker may not be available.
2019-06-15 20:41:11.203  WARN 15226 --- [           main] org.apache.kafka.clients.NetworkClient   : [Consumer clientId=consumer-1, groupId=book_fair_id] Connection to node -1 could not be established. Broker may not be available.
2019-06-15 20:41:12.109  WARN 15226 --- [           main] org.apache.kafka.clients.NetworkClient   : [Consumer clientId=consumer-1, groupId=book_fair_id] Connection to node -1 could not be established. Broker may not be available.
2019-06-15 20:41:13.316  WARN 15226 --- [           main] org.apache.kafka.clients.NetworkClient   : [Consumer clientId=consumer-1, groupId=book_fair_id] Connection to node -1 could not be established. Broker may not be available.
2019-06-15 20:41:14.523  WARN 15226 --- [           main] org.apache.kafka.clients.NetworkClient   : [Consumer clientId=consumer-1, groupId=book_fair_id] Connection to node -1 could not be established. Broker may not be available.
2019-06-15 20:41:15.728  WARN 15226 --- [           main] org.apache.kafka.clients.NetworkClient   : [Consumer clientId=consumer-1, groupId=book_fair_id] Connection to node -1 could not be established. Broker may not be available.
2019-06-15 20:41:16.633  WARN 15226 --- [           main] org.apache.kafka.clients.NetworkClient   : [Consumer clientId=consumer-1, groupId=book_fair_id] Connection to node -1 could not be established. Broker may not be available.
2019-06-15 20:41:17.739  WARN 15226 --- [           main] org.apache.kafka.clients.NetworkClient   : [Consumer clientId=consumer-1, groupId=book_fair_id] Connection to node -1 could not be established. Broker may not be available.
2019-06-15 20:41:18.845  WARN 15226 --- [           main] org.apache.kafka.clients.NetworkClient   : [Consumer clientId=consumer-1, groupId=book_fair_id] Connection to node -1 could not be established. Broker may not be available.
2019-06-15 20:41:19.850  WARN 15226 --- [           main] org.apache.kafka.clients.NetworkClient   : [Consumer clientId=consumer-1, groupId=book_fair_id] Connection to node -1 could not be established. Broker may not be available.
2019-06-15 20:41:20.755  WARN 15226 --- [           main] org.apache.kafka.clients.NetworkClient   : [Consumer clientId=consumer-1, groupId=book_fair_id] Connection to node -1 could not be established. Broker may not be available.
2019-06-15 20:41:21.861  WARN 15226 --- [           main] org.apache.kafka.clients.NetworkClient   : [Consumer clientId=consumer-1, groupId=book_fair_id] Connection to node -1 could not be established. Broker may not be available.
2019-06-15 20:41:22.766  WARN 15226 --- [           main] org.apache.kafka.clients.NetworkClient   : [Consumer clientId=consumer-1, groupId=book_fair_id] Connection to node -1 could not be established. Broker may not be available.
2019-06-15 20:41:23.872  WARN 15226 --- [           main] org.apache.kafka.clients.NetworkClient   : [Consumer clientId=consumer-1, groupId=book_fair_id] Connection to node -1 could not be established. Broker may not be available.
2019-06-15 20:41:24.978  WARN 15226 --- [           main] org.apache.kafka.clients.NetworkClient   : [Consumer clientId=consumer-1, groupId=book_fair_id] Connection to node -1 could not be established. Broker may not be available.
2019-06-15 20:41:25.984  WARN 15226 --- [           main] org.apache.kafka.clients.NetworkClient   : [Consumer clientId=consumer-1, groupId=book_fair_id] Connection to node -1 could not be established. Broker may not be available.
2019-06-15 20:41:26.890  WARN 15226 --- [           main] org.apache.kafka.clients.NetworkClient   : [Consumer clientId=consumer-1, groupId=book_fair_id] Connection to node -1 could not be established. Broker may not be available.
2019-06-15 20:41:27.896  WARN 15226 --- [           main] org.apache.kafka.clients.NetworkClient   : [Consumer clientId=consumer-1, groupId=book_fair_id] Connection to node -1 could not be established. Broker may not be available.
2019-06-15 20:41:28.901  WARN 15226 --- [           main] org.apache.kafka.clients.NetworkClient   : [Consumer clientId=consumer-1, groupId=book_fair_id] Connection to node -1 could not be established. Broker may not be available.
2019-06-15 20:41:29.806  WARN 15226 --- [           main] org.apache.kafka.clients.NetworkClient   : [Consumer clientId=consumer-1, groupId=book_fair_id] Connection to node -1 could not be established. Broker may not be available.
2019-06-15 20:41:31.011  WARN 15226 --- [           main] org.apache.kafka.clients.NetworkClient   : [Consumer clientId=consumer-1, groupId=book_fair_id] Connection to node -1 could not be established. Broker may not be available.
2019-06-15 20:41:31.917  WARN 15226 --- [           main] org.apache.kafka.clients.NetworkClient   : [Consumer clientId=consumer-1, groupId=book_fair_id] Connection to node -1 could not be established. Broker may not be available.
2019-06-15 20:41:32.922  WARN 15226 --- [           main] org.apache.kafka.clients.NetworkClient   : [Consumer clientId=consumer-1, groupId=book_fair_id] Connection to node -1 could not be established. Broker may not be available.
2019-06-15 20:41:33.927  WARN 15226 --- [           main] org.apache.kafka.clients.NetworkClient   : [Consumer clientId=consumer-1, groupId=book_fair_id] Connection to node -1 could not be established. Broker may not be available.
2019-06-15 20:41:34.832  WARN 15226 --- [           main] org.apache.kafka.clients.NetworkClient   : [Consumer clientId=consumer-1, groupId=book_fair_id] Connection to node -1 could not be established. Broker may not be available.
2019-06-15 20:41:34.848  WARN 15226 --- [           main] s.c.a.AnnotationConfigApplicationContext : Exception encountered during context initialization - cancelling refresh attempt: org.springframework.context.ApplicationContextException: Failed to start bean 'org.springframework.kafka.config.internalKafkaListenerEndpointRegistry'; nested exception is org.apache.kafka.common.errors.TimeoutException: Timeout expired while fetching topic metadata
2019-06-15 20:41:34.877  INFO 15226 --- [           main] ConditionEvaluationReportLoggingListener : 

Error starting ApplicationContext. To display the conditions report re-run your application with 'debug' enabled.
2019-06-15 20:41:34.884 ERROR 15226 --- [           main] o.s.boot.SpringApplication               : Application run failed

org.springframework.context.ApplicationContextException: Failed to start bean 'org.springframework.kafka.config.internalKafkaListenerEndpointRegistry'; nested exception is org.apache.kafka.common.errors.TimeoutException: Timeout expired while fetching topic metadata
	at org.springframework.context.support.DefaultLifecycleProcessor.doStart(DefaultLifecycleProcessor.java:185) ~[spring-context-5.1.7.RELEASE.jar:5.1.7.RELEASE]
	at org.springframework.context.support.DefaultLifecycleProcessor.access$200(DefaultLifecycleProcessor.java:53) ~[spring-context-5.1.7.RELEASE.jar:5.1.7.RELEASE]
	at org.springframework.context.support.DefaultLifecycleProcessor$LifecycleGroup.start(DefaultLifecycleProcessor.java:360) ~[spring-context-5.1.7.RELEASE.jar:5.1.7.RELEASE]
	at org.springframework.context.support.DefaultLifecycleProcessor.startBeans(DefaultLifecycleProcessor.java:158) ~[spring-context-5.1.7.RELEASE.jar:5.1.7.RELEASE]
	at org.springframework.context.support.DefaultLifecycleProcessor.onRefresh(DefaultLifecycleProcessor.java:122) ~[spring-context-5.1.7.RELEASE.jar:5.1.7.RELEASE]
	at org.springframework.context.support.AbstractApplicationContext.finishRefresh(AbstractApplicationContext.java:893) ~[spring-context-5.1.7.RELEASE.jar:5.1.7.RELEASE]
	at org.springframework.context.support.AbstractApplicationContext.refresh(AbstractApplicationContext.java:552) ~[spring-context-5.1.7.RELEASE.jar:5.1.7.RELEASE]
	at org.springframework.boot.SpringApplication.refresh(SpringApplication.java:775) ~[spring-boot-2.1.5.RELEASE.jar:2.1.5.RELEASE]
	at org.springframework.boot.SpringApplication.refreshContext(SpringApplication.java:397) ~[spring-boot-2.1.5.RELEASE.jar:2.1.5.RELEASE]
	at org.springframework.boot.SpringApplication.run(SpringApplication.java:316) ~[spring-boot-2.1.5.RELEASE.jar:2.1.5.RELEASE]
	at org.springframework.boot.test.context.SpringBootContextLoader.loadContext(SpringBootContextLoader.java:127) ~[spring-boot-test-2.1.5.RELEASE.jar:2.1.5.RELEASE]
	at org.springframework.test.context.cache.DefaultCacheAwareContextLoaderDelegate.loadContextInternal(DefaultCacheAwareContextLoaderDelegate.java:99) ~[spring-test-5.1.7.RELEASE.jar:5.1.7.RELEASE]
	at org.springframework.test.context.cache.DefaultCacheAwareContextLoaderDelegate.loadContext(DefaultCacheAwareContextLoaderDelegate.java:117) ~[spring-test-5.1.7.RELEASE.jar:5.1.7.RELEASE]
	at org.springframework.test.context.support.DefaultTestContext.getApplicationContext(DefaultTestContext.java:108) ~[spring-test-5.1.7.RELEASE.jar:5.1.7.RELEASE]
	at org.springframework.test.context.support.DependencyInjectionTestExecutionListener.injectDependencies(DependencyInjectionTestExecutionListener.java:118) ~[spring-test-5.1.7.RELEASE.jar:5.1.7.RELEASE]
	at org.springframework.test.context.support.DependencyInjectionTestExecutionListener.prepareTestInstance(DependencyInjectionTestExecutionListener.java:83) ~[spring-test-5.1.7.RELEASE.jar:5.1.7.RELEASE]
	at org.springframework.boot.test.autoconfigure.SpringBootDependencyInjectionTestExecutionListener.prepareTestInstance(SpringBootDependencyInjectionTestExecutionListener.java:44) ~[spring-boot-test-autoconfigure-2.1.5.RELEASE.jar:2.1.5.RELEASE]
	at org.springframework.test.context.TestContextManager.prepareTestInstance(TestContextManager.java:246) ~[spring-test-5.1.7.RELEASE.jar:5.1.7.RELEASE]
	at org.springframework.test.context.junit4.SpringJUnit4ClassRunner.createTest(SpringJUnit4ClassRunner.java:227) ~[spring-test-5.1.7.RELEASE.jar:5.1.7.RELEASE]
	at org.springframework.test.context.junit4.SpringJUnit4ClassRunner$1.runReflectiveCall(SpringJUnit4ClassRunner.java:289) ~[spring-test-5.1.7.RELEASE.jar:5.1.7.RELEASE]
	at org.junit.internal.runners.model.ReflectiveCallable.run(ReflectiveCallable.java:12) ~[junit-4.12.jar:4.12]
	at org.springframework.test.context.junit4.SpringJUnit4ClassRunner.methodBlock(SpringJUnit4ClassRunner.java:291) ~[spring-test-5.1.7.RELEASE.jar:5.1.7.RELEASE]
	at org.springframework.test.context.junit4.SpringJUnit4ClassRunner.runChild(SpringJUnit4ClassRunner.java:246) ~[spring-test-5.1.7.RELEASE.jar:5.1.7.RELEASE]
	at org.springframework.test.context.junit4.SpringJUnit4ClassRunner.runChild(SpringJUnit4ClassRunner.java:97) ~[spring-test-5.1.7.RELEASE.jar:5.1.7.RELEASE]
	at org.junit.runners.ParentRunner$3.run(ParentRunner.java:290) ~[junit-4.12.jar:4.12]
	at org.junit.runners.ParentRunner$1.schedule(ParentRunner.java:71) ~[junit-4.12.jar:4.12]
	at org.junit.runners.ParentRunner.runChildren(ParentRunner.java:288) ~[junit-4.12.jar:4.12]
	at org.junit.runners.ParentRunner.access$000(ParentRunner.java:58) ~[junit-4.12.jar:4.12]
	at org.junit.runners.ParentRunner$2.evaluate(ParentRunner.java:268) ~[junit-4.12.jar:4.12]
	at org.springframework.test.context.junit4.statements.RunBeforeTestClassCallbacks.evaluate(RunBeforeTestClassCallbacks.java:61) ~[spring-test-5.1.7.RELEASE.jar:5.1.7.RELEASE]
	at org.springframework.test.context.junit4.statements.RunAfterTestClassCallbacks.evaluate(RunAfterTestClassCallbacks.java:70) ~[spring-test-5.1.7.RELEASE.jar:5.1.7.RELEASE]
	at org.junit.runners.ParentRunner.run(ParentRunner.java:363) ~[junit-4.12.jar:4.12]
	at org.springframework.test.context.junit4.SpringJUnit4ClassRunner.run(SpringJUnit4ClassRunner.java:190) ~[spring-test-5.1.7.RELEASE.jar:5.1.7.RELEASE]
	at org.apache.maven.surefire.junit4.JUnit4Provider.execute(JUnit4Provider.java:365) ~[surefire-junit4-2.22.2.jar:2.22.2]
	at org.apache.maven.surefire.junit4.JUnit4Provider.executeWithRerun(JUnit4Provider.java:273) ~[surefire-junit4-2.22.2.jar:2.22.2]
	at org.apache.maven.surefire.junit4.JUnit4Provider.executeTestSet(JUnit4Provider.java:238) ~[surefire-junit4-2.22.2.jar:2.22.2]
	at org.apache.maven.surefire.junit4.JUnit4Provider.invoke(JUnit4Provider.java:159) ~[surefire-junit4-2.22.2.jar:2.22.2]
	at org.apache.maven.surefire.booter.ForkedBooter.invokeProviderInSameClassLoader(ForkedBooter.java:384) ~[surefire-booter-2.22.2.jar:2.22.2]
	at org.apache.maven.surefire.booter.ForkedBooter.runSuitesInProcess(ForkedBooter.java:345) ~[surefire-booter-2.22.2.jar:2.22.2]
	at org.apache.maven.surefire.booter.ForkedBooter.execute(ForkedBooter.java:126) ~[surefire-booter-2.22.2.jar:2.22.2]
	at org.apache.maven.surefire.booter.ForkedBooter.main(ForkedBooter.java:418) ~[surefire-booter-2.22.2.jar:2.22.2]
Caused by: org.apache.kafka.common.errors.TimeoutException: Timeout expired while fetching topic metadata


  .   ____          _            __ _ _
 /\\ / ___'_ __ _ _(_)_ __  __ _ \ \ \ \
( ( )\___ | '_ | '_| | '_ \/ _` | \ \ \ \
 \\/  ___)| |_)| | | | | || (_| |  ) ) ) )
  '  |____| .__|_| |_|_| |_\__, | / / / /
 =========|_|==============|___/=/_/_/_/
 :: Spring Boot ::        (v2.1.5.RELEASE)

2019-06-15 20:41:34.919  INFO 15226 --- [           main] c.u.bookfair.BookFairApplicationTests    : Starting BookFairApplicationTests on venturi-ubuntu-duo-note with PID 15226 (started by venturi in /home/venturi/workspace/book-fair)
2019-06-15 20:41:34.920  INFO 15226 --- [           main] c.u.bookfair.BookFairApplicationTests    : No active profile set, falling back to default profiles: default
2019-06-15 20:41:35.020  INFO 15226 --- [           main] trationDelegate$BeanPostProcessorChecker : Bean 'org.springframework.kafka.annotation.KafkaBootstrapConfiguration' of type [org.springframework.kafka.annotation.KafkaBootstrapConfiguration$$EnhancerBySpringCGLIB$$a0308422] is not eligible for getting processed by all BeanPostProcessors (for example: not eligible for auto-proxying)
2019-06-15 20:41:35.211  INFO 15226 --- [           main] o.a.k.clients.consumer.ConsumerConfig    : ConsumerConfig values: 
	auto.commit.interval.ms = 5000
	auto.offset.reset = earliest
	bootstrap.servers = [localhost:9092]
	check.crcs = true
	client.id = 
	connections.max.idle.ms = 540000
	default.api.timeout.ms = 60000
	enable.auto.commit = true
	exclude.internal.topics = true
	fetch.max.bytes = 52428800
	fetch.max.wait.ms = 500
	fetch.min.bytes = 1
	group.id = book_fair_id
	heartbeat.interval.ms = 3000
	interceptor.classes = []
	internal.leave.group.on.close = true
	isolation.level = read_uncommitted
	key.deserializer = class org.apache.kafka.common.serialization.StringDeserializer
	max.partition.fetch.bytes = 1048576
	max.poll.interval.ms = 300000
	max.poll.records = 500
	metadata.max.age.ms = 300000
	metric.reporters = []
	metrics.num.samples = 2
	metrics.recording.level = INFO
	metrics.sample.window.ms = 30000
	partition.assignment.strategy = [class org.apache.kafka.clients.consumer.RangeAssignor]
	receive.buffer.bytes = 65536
	reconnect.backoff.max.ms = 1000
	reconnect.backoff.ms = 50
	request.timeout.ms = 30000
	retry.backoff.ms = 100
	sasl.client.callback.handler.class = null
	sasl.jaas.config = null
	sasl.kerberos.kinit.cmd = /usr/bin/kinit
	sasl.kerberos.min.time.before.relogin = 60000
	sasl.kerberos.service.name = null
	sasl.kerberos.ticket.renew.jitter = 0.05
	sasl.kerberos.ticket.renew.window.factor = 0.8
	sasl.login.callback.handler.class = null
	sasl.login.class = null
	sasl.login.refresh.buffer.seconds = 300
	sasl.login.refresh.min.period.seconds = 60
	sasl.login.refresh.window.factor = 0.8
	sasl.login.refresh.window.jitter = 0.05
	sasl.mechanism = GSSAPI
	security.protocol = PLAINTEXT
	send.buffer.bytes = 131072
	session.timeout.ms = 10000
	ssl.cipher.suites = null
	ssl.enabled.protocols = [TLSv1.2, TLSv1.1, TLSv1]
	ssl.endpoint.identification.algorithm = https
	ssl.key.password = null
	ssl.keymanager.algorithm = SunX509
	ssl.keystore.location = null
	ssl.keystore.password = null
	ssl.keystore.type = JKS
	ssl.protocol = TLS
	ssl.provider = null
	ssl.secure.random.implementation = null
	ssl.trustmanager.algorithm = PKIX
	ssl.truststore.location = null
	ssl.truststore.password = null
	ssl.truststore.type = JKS
	value.deserializer = class org.apache.kafka.common.serialization.StringDeserializer

2019-06-15 20:41:35.217  INFO 15226 --- [           main] o.a.kafka.common.utils.AppInfoParser     : Kafka version : 2.0.1
2019-06-15 20:41:35.217  INFO 15226 --- [           main] o.a.kafka.common.utils.AppInfoParser     : Kafka commitId : fa14705e51bd2ce5
2019-06-15 20:41:35.219  WARN 15226 --- [           main] org.apache.kafka.clients.NetworkClient   : [Consumer clientId=consumer-2, groupId=book_fair_id] Connection to node -1 could not be established. Broker may not be available.
2019-06-15 20:41:35.321  WARN 15226 --- [           main] org.apache.kafka.clients.NetworkClient   : [Consumer clientId=consumer-2, groupId=book_fair_id] Connection to node -1 could not be established. Broker may not be available.
2019-06-15 20:41:35.524  WARN 15226 --- [           main] org.apache.kafka.clients.NetworkClient   : [Consumer clientId=consumer-2, groupId=book_fair_id] Connection to node -1 could not be established. Broker may not be available.
2019-06-15 20:41:35.726  WARN 15226 --- [           main] org.apache.kafka.clients.NetworkClient   : [Consumer clientId=consumer-2, groupId=book_fair_id] Connection to node -1 could not be established. Broker may not be available.
2019-06-15 20:41:36.130  WARN 15226 --- [           main] org.apache.kafka.clients.NetworkClient   : [Consumer clientId=consumer-2, groupId=book_fair_id] Connection to node -1 could not be established. Broker may not be available.
2019-06-15 20:41:37.135  WARN 15226 --- [           main] org.apache.kafka.clients.NetworkClient   : [Consumer clientId=consumer-2, groupId=book_fair_id] Connection to node -1 could not be established. Broker may not be available.
2019-06-15 20:41:38.241  WARN 15226 --- [           main] org.apache.kafka.clients.NetworkClient   : [Consumer clientId=consumer-2, groupId=book_fair_id] Connection to node -1 could not be established. Broker may not be available.
2019-06-15 20:41:39.346  WARN 15226 --- [           main] org.apache.kafka.clients.NetworkClient   : [Consumer clientId=consumer-2, groupId=book_fair_id] Connection to node -1 could not be established. Broker may not be available.
2019-06-15 20:41:40.553  WARN 15226 --- [           main] org.apache.kafka.clients.NetworkClient   : [Consumer clientId=consumer-2, groupId=book_fair_id] Connection to node -1 could not be established. Broker may not be available.
2019-06-15 20:41:41.759  WARN 15226 --- [           main] org.apache.kafka.clients.NetworkClient   : [Consumer clientId=consumer-2, groupId=book_fair_id] Connection to node -1 could not be established. Broker may not be available.
2019-06-15 20:41:42.763  WARN 15226 --- [           main] org.apache.kafka.clients.NetworkClient   : [Consumer clientId=consumer-2, groupId=book_fair_id] Connection to node -1 could not be established. Broker may not be available.
2019-06-15 20:41:43.667  WARN 15226 --- [           main] org.apache.kafka.clients.NetworkClient   : [Consumer clientId=consumer-2, groupId=book_fair_id] Connection to node -1 could not be established. Broker may not be available.
2019-06-15 20:41:44.672  WARN 15226 --- [           main] org.apache.kafka.clients.NetworkClient   : [Consumer clientId=consumer-2, groupId=book_fair_id] Connection to node -1 could not be established. Broker may not be available.
2019-06-15 20:41:45.677  WARN 15226 --- [           main] org.apache.kafka.clients.NetworkClient   : [Consumer clientId=consumer-2, groupId=book_fair_id] Connection to node -1 could not be established. Broker may not be available.
2019-06-15 20:41:46.783  WARN 15226 --- [           main] org.apache.kafka.clients.NetworkClient   : [Consumer clientId=consumer-2, groupId=book_fair_id] Connection to node -1 could not be established. Broker may not be available.
2019-06-15 20:41:47.788  WARN 15226 --- [           main] org.apache.kafka.clients.NetworkClient   : [Consumer clientId=consumer-2, groupId=book_fair_id] Connection to node -1 could not be established. Broker may not be available.
2019-06-15 20:41:48.794  WARN 15226 --- [           main] org.apache.kafka.clients.NetworkClient   : [Consumer clientId=consumer-2, groupId=book_fair_id] Connection to node -1 could not be established. Broker may not be available.
2019-06-15 20:41:49.699  WARN 15226 --- [           main] org.apache.kafka.clients.NetworkClient   : [Consumer clientId=consumer-2, groupId=book_fair_id] Connection to node -1 could not be established. Broker may not be available.
2019-06-15 20:41:50.706  WARN 15226 --- [           main] org.apache.kafka.clients.NetworkClient   : [Consumer clientId=consumer-2, groupId=book_fair_id] Connection to node -1 could not be established. Broker may not be available.
2019-06-15 20:41:51.811  WARN 15226 --- [           main] org.apache.kafka.clients.NetworkClient   : [Consumer clientId=consumer-2, groupId=book_fair_id] Connection to node -1 could not be established. Broker may not be available.
2019-06-15 20:41:53.018  WARN 15226 --- [           main] org.apache.kafka.clients.NetworkClient   : [Consumer clientId=consumer-2, groupId=book_fair_id] Connection to node -1 could not be established. Broker may not be available.
2019-06-15 20:41:54.023  WARN 15226 --- [           main] org.apache.kafka.clients.NetworkClient   : [Consumer clientId=consumer-2, groupId=book_fair_id] Connection to node -1 could not be established. Broker may not be available.
2019-06-15 20:41:55.128  WARN 15226 --- [           main] org.apache.kafka.clients.NetworkClient   : [Consumer clientId=consumer-2, groupId=book_fair_id] Connection to node -1 could not be established. Broker may not be available.
2019-06-15 20:41:56.134  WARN 15226 --- [           main] org.apache.kafka.clients.NetworkClient   : [Consumer clientId=consumer-2, groupId=book_fair_id] Connection to node -1 could not be established. Broker may not be available.
2019-06-15 20:41:57.239  WARN 15226 --- [           main] org.apache.kafka.clients.NetworkClient   : [Consumer clientId=consumer-2, groupId=book_fair_id] Connection to node -1 could not be established. Broker may not be available.
2019-06-15 20:41:58.143  WARN 15226 --- [           main] org.apache.kafka.clients.NetworkClient   : [Consumer clientId=consumer-2, groupId=book_fair_id] Connection to node -1 could not be established. Broker may not be available.
2019-06-15 20:41:58.946  WARN 15226 --- [           main] org.apache.kafka.clients.NetworkClient   : [Consumer clientId=consumer-2, groupId=book_fair_id] Connection to node -1 could not be established. Broker may not be available.
2019-06-15 20:41:59.851  WARN 15226 --- [           main] org.apache.kafka.clients.NetworkClient   : [Consumer clientId=consumer-2, groupId=book_fair_id] Connection to node -1 could not be established. Broker may not be available.
2019-06-15 20:42:01.056  WARN 15226 --- [           main] org.apache.kafka.clients.NetworkClient   : [Consumer clientId=consumer-2, groupId=book_fair_id] Connection to node -1 could not be established. Broker may not be available.
2019-06-15 20:42:01.960  WARN 15226 --- [           main] org.apache.kafka.clients.NetworkClient   : [Consumer clientId=consumer-2, groupId=book_fair_id] Connection to node -1 could not be established. Broker may not be available.
2019-06-15 20:42:02.964  WARN 15226 --- [           main] org.apache.kafka.clients.NetworkClient   : [Consumer clientId=consumer-2, groupId=book_fair_id] Connection to node -1 could not be established. Broker may not be available.
2019-06-15 20:42:03.869  WARN 15226 --- [           main] org.apache.kafka.clients.NetworkClient   : [Consumer clientId=consumer-2, groupId=book_fair_id] Connection to node -1 could not be established. Broker may not be available.
2019-06-15 20:42:04.773  WARN 15226 --- [           main] org.apache.kafka.clients.NetworkClient   : [Consumer clientId=consumer-2, groupId=book_fair_id] Connection to node -1 could not be established. Broker may not be available.
2019-06-15 20:42:05.778  WARN 15226 --- [           main] org.apache.kafka.clients.NetworkClient   : [Consumer clientId=consumer-2, groupId=book_fair_id] Connection to node -1 could not be established. Broker may not be available.
2019-06-15 20:42:06.783  WARN 15226 --- [           main] org.apache.kafka.clients.NetworkClient   : [Consumer clientId=consumer-2, groupId=book_fair_id] Connection to node -1 could not be established. Broker may not be available.
2019-06-15 20:42:07.787  WARN 15226 --- [           main] org.apache.kafka.clients.NetworkClient   : [Consumer clientId=consumer-2, groupId=book_fair_id] Connection to node -1 could not be established. Broker may not be available.
2019-06-15 20:42:08.891  WARN 15226 --- [           main] org.apache.kafka.clients.NetworkClient   : [Consumer clientId=consumer-2, groupId=book_fair_id] Connection to node -1 could not be established. Broker may not be available.
2019-06-15 20:42:09.894  WARN 15226 --- [           main] org.apache.kafka.clients.NetworkClient   : [Consumer clientId=consumer-2, groupId=book_fair_id] Connection to node -1 could not be established. Broker may not be available.
2019-06-15 20:42:11.097  WARN 15226 --- [           main] org.apache.kafka.clients.NetworkClient   : [Consumer clientId=consumer-2, groupId=book_fair_id] Connection to node -1 could not be established. Broker may not be available.
2019-06-15 20:42:11.999  WARN 15226 --- [           main] org.apache.kafka.clients.NetworkClient   : [Consumer clientId=consumer-2, groupId=book_fair_id] Connection to node -1 could not be established. Broker may not be available.
2019-06-15 20:42:13.203  WARN 15226 --- [           main] org.apache.kafka.clients.NetworkClient   : [Consumer clientId=consumer-2, groupId=book_fair_id] Connection to node -1 could not be established. Broker may not be available.
2019-06-15 20:42:14.108  WARN 15226 --- [           main] org.apache.kafka.clients.NetworkClient   : [Consumer clientId=consumer-2, groupId=book_fair_id] Connection to node -1 could not be established. Broker may not be available.
2019-06-15 20:42:15.214  WARN 15226 --- [           main] org.apache.kafka.clients.NetworkClient   : [Consumer clientId=consumer-2, groupId=book_fair_id] Connection to node -1 could not be established. Broker may not be available.
2019-06-15 20:42:16.319  WARN 15226 --- [           main] org.apache.kafka.clients.NetworkClient   : [Consumer clientId=consumer-2, groupId=book_fair_id] Connection to node -1 could not be established. Broker may not be available.
2019-06-15 20:42:17.525  WARN 15226 --- [           main] org.apache.kafka.clients.NetworkClient   : [Consumer clientId=consumer-2, groupId=book_fair_id] Connection to node -1 could not be established. Broker may not be available.
2019-06-15 20:42:18.731  WARN 15226 --- [           main] org.apache.kafka.clients.NetworkClient   : [Consumer clientId=consumer-2, groupId=book_fair_id] Connection to node -1 could not be established. Broker may not be available.
2019-06-15 20:42:19.635  WARN 15226 --- [           main] org.apache.kafka.clients.NetworkClient   : [Consumer clientId=consumer-2, groupId=book_fair_id] Connection to node -1 could not be established. Broker may not be available.
2019-06-15 20:42:20.640  WARN 15226 --- [           main] org.apache.kafka.clients.NetworkClient   : [Consumer clientId=consumer-2, groupId=book_fair_id] Connection to node -1 could not be established. Broker may not be available.
2019-06-15 20:42:21.546  WARN 15226 --- [           main] org.apache.kafka.clients.NetworkClient   : [Consumer clientId=consumer-2, groupId=book_fair_id] Connection to node -1 could not be established. Broker may not be available.
2019-06-15 20:42:22.651  WARN 15226 --- [           main] org.apache.kafka.clients.NetworkClient   : [Consumer clientId=consumer-2, groupId=book_fair_id] Connection to node -1 could not be established. Broker may not be available.
2019-06-15 20:42:23.856  WARN 15226 --- [           main] org.apache.kafka.clients.NetworkClient   : [Consumer clientId=consumer-2, groupId=book_fair_id] Connection to node -1 could not be established. Broker may not be available.
2019-06-15 20:42:24.962  WARN 15226 --- [           main] org.apache.kafka.clients.NetworkClient   : [Consumer clientId=consumer-2, groupId=book_fair_id] Connection to node -1 could not be established. Broker may not be available.
2019-06-15 20:42:26.168  WARN 15226 --- [           main] org.apache.kafka.clients.NetworkClient   : [Consumer clientId=consumer-2, groupId=book_fair_id] Connection to node -1 could not be established. Broker may not be available.
2019-06-15 20:42:27.072  WARN 15226 --- [           main] org.apache.kafka.clients.NetworkClient   : [Consumer clientId=consumer-2, groupId=book_fair_id] Connection to node -1 could not be established. Broker may not be available.
2019-06-15 20:42:27.977  WARN 15226 --- [           main] org.apache.kafka.clients.NetworkClient   : [Consumer clientId=consumer-2, groupId=book_fair_id] Connection to node -1 could not be established. Broker may not be available.
2019-06-15 20:42:28.983  WARN 15226 --- [           main] org.apache.kafka.clients.NetworkClient   : [Consumer clientId=consumer-2, groupId=book_fair_id] Connection to node -1 could not be established. Broker may not be available.
2019-06-15 20:42:30.090  WARN 15226 --- [           main] org.apache.kafka.clients.NetworkClient   : [Consumer clientId=consumer-2, groupId=book_fair_id] Connection to node -1 could not be established. Broker may not be available.
2019-06-15 20:42:31.296  WARN 15226 --- [           main] org.apache.kafka.clients.NetworkClient   : [Consumer clientId=consumer-2, groupId=book_fair_id] Connection to node -1 could not be established. Broker may not be available.
2019-06-15 20:42:32.500  WARN 15226 --- [           main] org.apache.kafka.clients.NetworkClient   : [Consumer clientId=consumer-2, groupId=book_fair_id] Connection to node -1 could not be established. Broker may not be available.
2019-06-15 20:42:33.705  WARN 15226 --- [           main] org.apache.kafka.clients.NetworkClient   : [Consumer clientId=consumer-2, groupId=book_fair_id] Connection to node -1 could not be established. Broker may not be available.
2019-06-15 20:42:34.714  WARN 15226 --- [           main] org.apache.kafka.clients.NetworkClient   : [Consumer clientId=consumer-2, groupId=book_fair_id] Connection to node -1 could not be established. Broker may not be available.
2019-06-15 20:42:35.233  WARN 15226 --- [           main] s.c.a.AnnotationConfigApplicationContext : Exception encountered during context initialization - cancelling refresh attempt: org.springframework.context.ApplicationContextException: Failed to start bean 'org.springframework.kafka.config.internalKafkaListenerEndpointRegistry'; nested exception is org.apache.kafka.common.errors.TimeoutException: Timeout expired while fetching topic metadata
2019-06-15 20:42:35.244  INFO 15226 --- [           main] ConditionEvaluationReportLoggingListener : 

Error starting ApplicationContext. To display the conditions report re-run your application with 'debug' enabled.
2019-06-15 20:42:35.249 ERROR 15226 --- [           main] o.s.boot.SpringApplication               : Application run failed

org.springframework.context.ApplicationContextException: Failed to start bean 'org.springframework.kafka.config.internalKafkaListenerEndpointRegistry'; nested exception is org.apache.kafka.common.errors.TimeoutException: Timeout expired while fetching topic metadata
	at org.springframework.context.support.DefaultLifecycleProcessor.doStart(DefaultLifecycleProcessor.java:185) ~[spring-context-5.1.7.RELEASE.jar:5.1.7.RELEASE]
	at org.springframework.context.support.DefaultLifecycleProcessor.access$200(DefaultLifecycleProcessor.java:53) ~[spring-context-5.1.7.RELEASE.jar:5.1.7.RELEASE]
	at org.springframework.context.support.DefaultLifecycleProcessor$LifecycleGroup.start(DefaultLifecycleProcessor.java:360) ~[spring-context-5.1.7.RELEASE.jar:5.1.7.RELEASE]
	at org.springframework.context.support.DefaultLifecycleProcessor.startBeans(DefaultLifecycleProcessor.java:158) ~[spring-context-5.1.7.RELEASE.jar:5.1.7.RELEASE]
	at org.springframework.context.support.DefaultLifecycleProcessor.onRefresh(DefaultLifecycleProcessor.java:122) ~[spring-context-5.1.7.RELEASE.jar:5.1.7.RELEASE]
	at org.springframework.context.support.AbstractApplicationContext.finishRefresh(AbstractApplicationContext.java:893) ~[spring-context-5.1.7.RELEASE.jar:5.1.7.RELEASE]
	at org.springframework.context.support.AbstractApplicationContext.refresh(AbstractApplicationContext.java:552) ~[spring-context-5.1.7.RELEASE.jar:5.1.7.RELEASE]
	at org.springframework.boot.SpringApplication.refresh(SpringApplication.java:775) ~[spring-boot-2.1.5.RELEASE.jar:2.1.5.RELEASE]
	at org.springframework.boot.SpringApplication.refreshContext(SpringApplication.java:397) ~[spring-boot-2.1.5.RELEASE.jar:2.1.5.RELEASE]
	at org.springframework.boot.SpringApplication.run(SpringApplication.java:316) ~[spring-boot-2.1.5.RELEASE.jar:2.1.5.RELEASE]
	at org.springframework.boot.test.context.SpringBootContextLoader.loadContext(SpringBootContextLoader.java:127) ~[spring-boot-test-2.1.5.RELEASE.jar:2.1.5.RELEASE]
	at org.springframework.test.context.cache.DefaultCacheAwareContextLoaderDelegate.loadContextInternal(DefaultCacheAwareContextLoaderDelegate.java:99) ~[spring-test-5.1.7.RELEASE.jar:5.1.7.RELEASE]
	at org.springframework.test.context.cache.DefaultCacheAwareContextLoaderDelegate.loadContext(DefaultCacheAwareContextLoaderDelegate.java:117) ~[spring-test-5.1.7.RELEASE.jar:5.1.7.RELEASE]
	at org.springframework.test.context.support.DefaultTestContext.getApplicationContext(DefaultTestContext.java:108) ~[spring-test-5.1.7.RELEASE.jar:5.1.7.RELEASE]
	at org.springframework.boot.test.autoconfigure.SpringBootDependencyInjectionTestExecutionListener.outputConditionEvaluationReport(SpringBootDependencyInjectionTestExecutionListener.java:54) ~[spring-boot-test-autoconfigure-2.1.5.RELEASE.jar:2.1.5.RELEASE]
	at org.springframework.boot.test.autoconfigure.SpringBootDependencyInjectionTestExecutionListener.prepareTestInstance(SpringBootDependencyInjectionTestExecutionListener.java:47) ~[spring-boot-test-autoconfigure-2.1.5.RELEASE.jar:2.1.5.RELEASE]
	at org.springframework.test.context.TestContextManager.prepareTestInstance(TestContextManager.java:246) ~[spring-test-5.1.7.RELEASE.jar:5.1.7.RELEASE]
	at org.springframework.test.context.junit4.SpringJUnit4ClassRunner.createTest(SpringJUnit4ClassRunner.java:227) ~[spring-test-5.1.7.RELEASE.jar:5.1.7.RELEASE]
	at org.springframework.test.context.junit4.SpringJUnit4ClassRunner$1.runReflectiveCall(SpringJUnit4ClassRunner.java:289) ~[spring-test-5.1.7.RELEASE.jar:5.1.7.RELEASE]
	at org.junit.internal.runners.model.ReflectiveCallable.run(ReflectiveCallable.java:12) ~[junit-4.12.jar:4.12]
	at org.springframework.test.context.junit4.SpringJUnit4ClassRunner.methodBlock(SpringJUnit4ClassRunner.java:291) ~[spring-test-5.1.7.RELEASE.jar:5.1.7.RELEASE]
	at org.springframework.test.context.junit4.SpringJUnit4ClassRunner.runChild(SpringJUnit4ClassRunner.java:246) ~[spring-test-5.1.7.RELEASE.jar:5.1.7.RELEASE]
	at org.springframework.test.context.junit4.SpringJUnit4ClassRunner.runChild(SpringJUnit4ClassRunner.java:97) ~[spring-test-5.1.7.RELEASE.jar:5.1.7.RELEASE]
	at org.junit.runners.ParentRunner$3.run(ParentRunner.java:290) ~[junit-4.12.jar:4.12]
	at org.junit.runners.ParentRunner$1.schedule(ParentRunner.java:71) ~[junit-4.12.jar:4.12]
	at org.junit.runners.ParentRunner.runChildren(ParentRunner.java:288) ~[junit-4.12.jar:4.12]
	at org.junit.runners.ParentRunner.access$000(ParentRunner.java:58) ~[junit-4.12.jar:4.12]
	at org.junit.runners.ParentRunner$2.evaluate(ParentRunner.java:268) ~[junit-4.12.jar:4.12]
	at org.springframework.test.context.junit4.statements.RunBeforeTestClassCallbacks.evaluate(RunBeforeTestClassCallbacks.java:61) ~[spring-test-5.1.7.RELEASE.jar:5.1.7.RELEASE]
	at org.springframework.test.context.junit4.statements.RunAfterTestClassCallbacks.evaluate(RunAfterTestClassCallbacks.java:70) ~[spring-test-5.1.7.RELEASE.jar:5.1.7.RELEASE]
	at org.junit.runners.ParentRunner.run(ParentRunner.java:363) ~[junit-4.12.jar:4.12]
	at org.springframework.test.context.junit4.SpringJUnit4ClassRunner.run(SpringJUnit4ClassRunner.java:190) ~[spring-test-5.1.7.RELEASE.jar:5.1.7.RELEASE]
	at org.apache.maven.surefire.junit4.JUnit4Provider.execute(JUnit4Provider.java:365) ~[surefire-junit4-2.22.2.jar:2.22.2]
	at org.apache.maven.surefire.junit4.JUnit4Provider.executeWithRerun(JUnit4Provider.java:273) ~[surefire-junit4-2.22.2.jar:2.22.2]
	at org.apache.maven.surefire.junit4.JUnit4Provider.executeTestSet(JUnit4Provider.java:238) ~[surefire-junit4-2.22.2.jar:2.22.2]
	at org.apache.maven.surefire.junit4.JUnit4Provider.invoke(JUnit4Provider.java:159) ~[surefire-junit4-2.22.2.jar:2.22.2]
	at org.apache.maven.surefire.booter.ForkedBooter.invokeProviderInSameClassLoader(ForkedBooter.java:384) ~[surefire-booter-2.22.2.jar:2.22.2]
	at org.apache.maven.surefire.booter.ForkedBooter.runSuitesInProcess(ForkedBooter.java:345) ~[surefire-booter-2.22.2.jar:2.22.2]
	at org.apache.maven.surefire.booter.ForkedBooter.execute(ForkedBooter.java:126) ~[surefire-booter-2.22.2.jar:2.22.2]
	at org.apache.maven.surefire.booter.ForkedBooter.main(ForkedBooter.java:418) ~[surefire-booter-2.22.2.jar:2.22.2]
Caused by: org.apache.kafka.common.errors.TimeoutException: Timeout expired while fetching topic metadata

2019-06-15 20:42:35.254 ERROR 15226 --- [           main] o.s.test.context.TestContextManager      : Caught exception while allowing TestExecutionListener [org.springframework.boot.test.autoconfigure.SpringBootDependencyInjectionTestExecutionListener@49c7b90e] to prepare test instance [com.unisociesc.bookfair.BookFairApplicationTests@52af26ee]

java.lang.IllegalStateException: Failed to load ApplicationContext
	at org.springframework.test.context.cache.DefaultCacheAwareContextLoaderDelegate.loadContext(DefaultCacheAwareContextLoaderDelegate.java:125) ~[spring-test-5.1.7.RELEASE.jar:5.1.7.RELEASE]
	at org.springframework.test.context.support.DefaultTestContext.getApplicationContext(DefaultTestContext.java:108) ~[spring-test-5.1.7.RELEASE.jar:5.1.7.RELEASE]
	at org.springframework.test.context.support.DependencyInjectionTestExecutionListener.injectDependencies(DependencyInjectionTestExecutionListener.java:118) ~[spring-test-5.1.7.RELEASE.jar:5.1.7.RELEASE]
	at org.springframework.test.context.support.DependencyInjectionTestExecutionListener.prepareTestInstance(DependencyInjectionTestExecutionListener.java:83) ~[spring-test-5.1.7.RELEASE.jar:5.1.7.RELEASE]
	at org.springframework.boot.test.autoconfigure.SpringBootDependencyInjectionTestExecutionListener.prepareTestInstance(SpringBootDependencyInjectionTestExecutionListener.java:44) ~[spring-boot-test-autoconfigure-2.1.5.RELEASE.jar:2.1.5.RELEASE]
	at org.springframework.test.context.TestContextManager.prepareTestInstance(TestContextManager.java:246) ~[spring-test-5.1.7.RELEASE.jar:5.1.7.RELEASE]
	at org.springframework.test.context.junit4.SpringJUnit4ClassRunner.createTest(SpringJUnit4ClassRunner.java:227) ~[spring-test-5.1.7.RELEASE.jar:5.1.7.RELEASE]
	at org.springframework.test.context.junit4.SpringJUnit4ClassRunner$1.runReflectiveCall(SpringJUnit4ClassRunner.java:289) ~[spring-test-5.1.7.RELEASE.jar:5.1.7.RELEASE]
	at org.junit.internal.runners.model.ReflectiveCallable.run(ReflectiveCallable.java:12) ~[junit-4.12.jar:4.12]
	at org.springframework.test.context.junit4.SpringJUnit4ClassRunner.methodBlock(SpringJUnit4ClassRunner.java:291) ~[spring-test-5.1.7.RELEASE.jar:5.1.7.RELEASE]
	at org.springframework.test.context.junit4.SpringJUnit4ClassRunner.runChild(SpringJUnit4ClassRunner.java:246) ~[spring-test-5.1.7.RELEASE.jar:5.1.7.RELEASE]
	at org.springframework.test.context.junit4.SpringJUnit4ClassRunner.runChild(SpringJUnit4ClassRunner.java:97) ~[spring-test-5.1.7.RELEASE.jar:5.1.7.RELEASE]
	at org.junit.runners.ParentRunner$3.run(ParentRunner.java:290) ~[junit-4.12.jar:4.12]
	at org.junit.runners.ParentRunner$1.schedule(ParentRunner.java:71) ~[junit-4.12.jar:4.12]
	at org.junit.runners.ParentRunner.runChildren(ParentRunner.java:288) ~[junit-4.12.jar:4.12]
	at org.junit.runners.ParentRunner.access$000(ParentRunner.java:58) ~[junit-4.12.jar:4.12]
	at org.junit.runners.ParentRunner$2.evaluate(ParentRunner.java:268) ~[junit-4.12.jar:4.12]
	at org.springframework.test.context.junit4.statements.RunBeforeTestClassCallbacks.evaluate(RunBeforeTestClassCallbacks.java:61) ~[spring-test-5.1.7.RELEASE.jar:5.1.7.RELEASE]
	at org.springframework.test.context.junit4.statements.RunAfterTestClassCallbacks.evaluate(RunAfterTestClassCallbacks.java:70) ~[spring-test-5.1.7.RELEASE.jar:5.1.7.RELEASE]
	at org.junit.runners.ParentRunner.run(ParentRunner.java:363) ~[junit-4.12.jar:4.12]
	at org.springframework.test.context.junit4.SpringJUnit4ClassRunner.run(SpringJUnit4ClassRunner.java:190) ~[spring-test-5.1.7.RELEASE.jar:5.1.7.RELEASE]
	at org.apache.maven.surefire.junit4.JUnit4Provider.execute(JUnit4Provider.java:365) ~[surefire-junit4-2.22.2.jar:2.22.2]
	at org.apache.maven.surefire.junit4.JUnit4Provider.executeWithRerun(JUnit4Provider.java:273) ~[surefire-junit4-2.22.2.jar:2.22.2]
	at org.apache.maven.surefire.junit4.JUnit4Provider.executeTestSet(JUnit4Provider.java:238) ~[surefire-junit4-2.22.2.jar:2.22.2]
	at org.apache.maven.surefire.junit4.JUnit4Provider.invoke(JUnit4Provider.java:159) ~[surefire-junit4-2.22.2.jar:2.22.2]
	at org.apache.maven.surefire.booter.ForkedBooter.invokeProviderInSameClassLoader(ForkedBooter.java:384) ~[surefire-booter-2.22.2.jar:2.22.2]
	at org.apache.maven.surefire.booter.ForkedBooter.runSuitesInProcess(ForkedBooter.java:345) ~[surefire-booter-2.22.2.jar:2.22.2]
	at org.apache.maven.surefire.booter.ForkedBooter.execute(ForkedBooter.java:126) ~[surefire-booter-2.22.2.jar:2.22.2]
	at org.apache.maven.surefire.booter.ForkedBooter.main(ForkedBooter.java:418) ~[surefire-booter-2.22.2.jar:2.22.2]
Caused by: org.springframework.context.ApplicationContextException: Failed to start bean 'org.springframework.kafka.config.internalKafkaListenerEndpointRegistry'; nested exception is org.apache.kafka.common.errors.TimeoutException: Timeout expired while fetching topic metadata
	at org.springframework.context.support.DefaultLifecycleProcessor.doStart(DefaultLifecycleProcessor.java:185) ~[spring-context-5.1.7.RELEASE.jar:5.1.7.RELEASE]
	at org.springframework.context.support.DefaultLifecycleProcessor.access$200(DefaultLifecycleProcessor.java:53) ~[spring-context-5.1.7.RELEASE.jar:5.1.7.RELEASE]
	at org.springframework.context.support.DefaultLifecycleProcessor$LifecycleGroup.start(DefaultLifecycleProcessor.java:360) ~[spring-context-5.1.7.RELEASE.jar:5.1.7.RELEASE]
	at org.springframework.context.support.DefaultLifecycleProcessor.startBeans(DefaultLifecycleProcessor.java:158) ~[spring-context-5.1.7.RELEASE.jar:5.1.7.RELEASE]
	at org.springframework.context.support.DefaultLifecycleProcessor.onRefresh(DefaultLifecycleProcessor.java:122) ~[spring-context-5.1.7.RELEASE.jar:5.1.7.RELEASE]
	at org.springframework.context.support.AbstractApplicationContext.finishRefresh(AbstractApplicationContext.java:893) ~[spring-context-5.1.7.RELEASE.jar:5.1.7.RELEASE]
	at org.springframework.context.support.AbstractApplicationContext.refresh(AbstractApplicationContext.java:552) ~[spring-context-5.1.7.RELEASE.jar:5.1.7.RELEASE]
	at org.springframework.boot.SpringApplication.refresh(SpringApplication.java:775) ~[spring-boot-2.1.5.RELEASE.jar:2.1.5.RELEASE]
	at org.springframework.boot.SpringApplication.refreshContext(SpringApplication.java:397) ~[spring-boot-2.1.5.RELEASE.jar:2.1.5.RELEASE]
	at org.springframework.boot.SpringApplication.run(SpringApplication.java:316) ~[spring-boot-2.1.5.RELEASE.jar:2.1.5.RELEASE]
	at org.springframework.boot.test.context.SpringBootContextLoader.loadContext(SpringBootContextLoader.java:127) ~[spring-boot-test-2.1.5.RELEASE.jar:2.1.5.RELEASE]
	at org.springframework.test.context.cache.DefaultCacheAwareContextLoaderDelegate.loadContextInternal(DefaultCacheAwareContextLoaderDelegate.java:99) ~[spring-test-5.1.7.RELEASE.jar:5.1.7.RELEASE]
	at org.springframework.test.context.cache.DefaultCacheAwareContextLoaderDelegate.loadContext(DefaultCacheAwareContextLoaderDelegate.java:117) ~[spring-test-5.1.7.RELEASE.jar:5.1.7.RELEASE]
	... 28 common frames omitted
Caused by: org.apache.kafka.common.errors.TimeoutException: Timeout expired while fetching topic metadata

]]></system-out>
  </testcase>
</testsuite>